<?xml version="1.0" encoding="UTF-8"?>
<testsuite name="com.learn.jenkins.JenkinsTestApplicationTest" tests="1" skipped="0" failures="0" errors="0" timestamp="2021-07-13T02:02:46" hostname="Parkui-MacBookAir.local" time="0.614">
  <properties/>
  <testcase name="context()" classname="com.learn.jenkins.JenkinsTestApplicationTest" time="0.614"/>
  <system-out><![CDATA[11:02:41.824 [Test worker] DEBUG org.springframework.test.context.BootstrapUtils - Instantiating CacheAwareContextLoaderDelegate from class [org.springframework.test.context.cache.DefaultCacheAwareContextLoaderDelegate]
11:02:41.878 [Test worker] DEBUG org.springframework.test.context.BootstrapUtils - Instantiating BootstrapContext using constructor [public org.springframework.test.context.support.DefaultBootstrapContext(java.lang.Class,org.springframework.test.context.CacheAwareContextLoaderDelegate)]
11:02:41.990 [Test worker] DEBUG org.springframework.test.context.BootstrapUtils - Instantiating TestContextBootstrapper for test class [com.learn.jenkins.JenkinsTestApplicationTest] from class [org.springframework.boot.test.context.SpringBootTestContextBootstrapper]
11:02:42.036 [Test worker] INFO org.springframework.boot.test.context.SpringBootTestContextBootstrapper - Neither @ContextConfiguration nor @ContextHierarchy found for test class [com.learn.jenkins.JenkinsTestApplicationTest], using SpringBootContextLoader
11:02:42.046 [Test worker] DEBUG org.springframework.test.context.support.AbstractContextLoader - Did not detect default resource location for test class [com.learn.jenkins.JenkinsTestApplicationTest]: class path resource [com/learn/jenkins/JenkinsTestApplicationTest-context.xml] does not exist
11:02:42.046 [Test worker] DEBUG org.springframework.test.context.support.AbstractContextLoader - Did not detect default resource location for test class [com.learn.jenkins.JenkinsTestApplicationTest]: class path resource [com/learn/jenkins/JenkinsTestApplicationTestContext.groovy] does not exist
11:02:42.047 [Test worker] INFO org.springframework.test.context.support.AbstractContextLoader - Could not detect default resource locations for test class [com.learn.jenkins.JenkinsTestApplicationTest]: no resource found for suffixes {-context.xml, Context.groovy}.
11:02:42.048 [Test worker] INFO org.springframework.test.context.support.AnnotationConfigContextLoaderUtils - Could not detect default configuration classes for test class [com.learn.jenkins.JenkinsTestApplicationTest]: JenkinsTestApplicationTest does not declare any static, non-private, non-final, nested classes annotated with @Configuration.
11:02:42.159 [Test worker] DEBUG org.springframework.test.context.support.ActiveProfilesUtils - Could not find an 'annotation declaring class' for annotation type [org.springframework.test.context.ActiveProfiles] and class [com.learn.jenkins.JenkinsTestApplicationTest]
11:02:42.291 [Test worker] DEBUG org.springframework.context.annotation.ClassPathScanningCandidateComponentProvider - Identified candidate component class: file [/Users/parksmac/IdeaProjects/springboot-jenkins-docker/build/classes/java/main/com/learn/jenkins/JenkinsTestApplication.class]
11:02:42.293 [Test worker] INFO org.springframework.boot.test.context.SpringBootTestContextBootstrapper - Found @SpringBootConfiguration com.learn.jenkins.JenkinsTestApplication for test class com.learn.jenkins.JenkinsTestApplicationTest
11:02:42.529 [Test worker] DEBUG org.springframework.boot.test.context.SpringBootTestContextBootstrapper - @TestExecutionListeners is not present for class [com.learn.jenkins.JenkinsTestApplicationTest]: using defaults.
11:02:42.530 [Test worker] INFO org.springframework.boot.test.context.SpringBootTestContextBootstrapper - Loaded default TestExecutionListener class names from location [META-INF/spring.factories]: [org.springframework.boot.test.autoconfigure.restdocs.RestDocsTestExecutionListener, org.springframework.boot.test.autoconfigure.web.client.MockRestServiceServerResetTestExecutionListener, org.springframework.boot.test.autoconfigure.web.servlet.MockMvcPrintOnlyOnFailureTestExecutionListener, org.springframework.boot.test.autoconfigure.web.servlet.WebDriverTestExecutionListener, org.springframework.boot.test.autoconfigure.webservices.client.MockWebServiceServerTestExecutionListener, org.springframework.boot.test.mock.mockito.MockitoTestExecutionListener, org.springframework.boot.test.mock.mockito.ResetMocksTestExecutionListener, org.springframework.test.context.web.ServletTestExecutionListener, org.springframework.test.context.support.DirtiesContextBeforeModesTestExecutionListener, org.springframework.test.context.event.ApplicationEventsTestExecutionListener, org.springframework.test.context.support.DependencyInjectionTestExecutionListener, org.springframework.test.context.support.DirtiesContextTestExecutionListener, org.springframework.test.context.transaction.TransactionalTestExecutionListener, org.springframework.test.context.jdbc.SqlScriptsTestExecutionListener, org.springframework.test.context.event.EventPublishingTestExecutionListener]
11:02:42.552 [Test worker] DEBUG org.springframework.boot.test.context.SpringBootTestContextBootstrapper - Skipping candidate TestExecutionListener [org.springframework.test.context.transaction.TransactionalTestExecutionListener] due to a missing dependency. Specify custom listener classes or make the default listener classes and their required dependencies available. Offending class: [org/springframework/transaction/TransactionDefinition]
11:02:42.553 [Test worker] DEBUG org.springframework.boot.test.context.SpringBootTestContextBootstrapper - Skipping candidate TestExecutionListener [org.springframework.test.context.jdbc.SqlScriptsTestExecutionListener] due to a missing dependency. Specify custom listener classes or make the default listener classes and their required dependencies available. Offending class: [org/springframework/transaction/interceptor/TransactionAttribute]
11:02:42.554 [Test worker] INFO org.springframework.boot.test.context.SpringBootTestContextBootstrapper - Using TestExecutionListeners: [org.springframework.test.context.web.ServletTestExecutionListener@7c1d2adf, org.springframework.test.context.support.DirtiesContextBeforeModesTestExecutionListener@482fa815, org.springframework.test.context.event.ApplicationEventsTestExecutionListener@245d437f, org.springframework.boot.test.mock.mockito.MockitoTestExecutionListener@2f025109, org.springframework.boot.test.autoconfigure.SpringBootDependencyInjectionTestExecutionListener@3a5cdde4, org.springframework.test.context.support.DirtiesContextTestExecutionListener@f06a5ba, org.springframework.test.context.event.EventPublishingTestExecutionListener@410e499e, org.springframework.boot.test.autoconfigure.restdocs.RestDocsTestExecutionListener@7c39c2af, org.springframework.boot.test.autoconfigure.web.client.MockRestServiceServerResetTestExecutionListener@20d68331, org.springframework.boot.test.autoconfigure.web.servlet.MockMvcPrintOnlyOnFailureTestExecutionListener@1a47d9e4, org.springframework.boot.test.autoconfigure.web.servlet.WebDriverTestExecutionListener@29b6318b, org.springframework.boot.test.autoconfigure.webservices.client.MockWebServiceServerTestExecutionListener@1b28a2a8, org.springframework.boot.test.mock.mockito.ResetMocksTestExecutionListener@f7375f7]
11:02:42.564 [Test worker] DEBUG org.springframework.test.context.support.AbstractDirtiesContextTestExecutionListener - Before test class: context [DefaultTestContext@2fadc058 testClass = JenkinsTestApplicationTest, testInstance = [null], testMethod = [null], testException = [null], mergedContextConfiguration = [WebMergedContextConfiguration@12fb21ed testClass = JenkinsTestApplicationTest, locations = '{}', classes = '{class com.learn.jenkins.JenkinsTestApplication}', contextInitializerClasses = '[]', activeProfiles = '{}', propertySourceLocations = '{}', propertySourceProperties = '{org.springframework.boot.test.context.SpringBootTestContextBootstrapper=true}', contextCustomizers = set[org.springframework.boot.test.autoconfigure.actuate.metrics.MetricsExportContextCustomizerFactory$DisableMetricExportContextCustomizer@3e5634b3, org.springframework.boot.test.autoconfigure.properties.PropertyMappingContextCustomizer@0, org.springframework.boot.test.autoconfigure.web.servlet.WebDriverContextCustomizerFactory$Customizer@15c1a0fd, org.springframework.boot.test.context.filter.ExcludeFilterContextCustomizer@2edf0cf3, org.springframework.boot.test.json.DuplicateJsonObjectContextCustomizerFactory$DuplicateJsonObjectContextCustomizer@6479d6f5, org.springframework.boot.test.mock.mockito.MockitoContextCustomizer@0, org.springframework.boot.test.web.client.TestRestTemplateContextCustomizer@3de433bc, org.springframework.boot.test.context.SpringBootTestArgs@1, org.springframework.boot.test.context.SpringBootTestWebEnvironment@beda7e8], resourceBasePath = 'src/main/webapp', contextLoader = 'org.springframework.boot.test.context.SpringBootContextLoader', parent = [null]], attributes = map['org.springframework.test.context.web.ServletTestExecutionListener.activateListener' -> true]], class annotated with @DirtiesContext [false] with mode [null].
11:02:42.609 [Test worker] DEBUG org.springframework.test.context.support.TestPropertySourceUtils - Adding inlined properties to environment: {spring.jmx.enabled=false, org.springframework.boot.test.context.SpringBootTestContextBootstrapper=true}

  .   ____          _            __ _ _
 /\\ / ___'_ __ _ _(_)_ __  __ _ \ \ \ \
( ( )\___ | '_ | '_| | '_ \/ _` | \ \ \ \
 \\/  ___)| |_)| | | | | || (_| |  ) ) ) )
  '  |____| .__|_| |_|_| |_\__, | / / / /
 =========|_|==============|___/=/_/_/_/
 :: Spring Boot ::                (v2.4.3)

2021-07-13 11:02:43.233  INFO 21386 --- [    Test worker] c.l.jenkins.JenkinsTestApplicationTest   : Starting JenkinsTestApplicationTest using Java 1.8.0_291 on Parkui-MacBookAir.local with PID 21386 (started by parksmac in /Users/parksmac/IdeaProjects/springboot-jenkins-docker)
2021-07-13 11:02:43.251  INFO 21386 --- [    Test worker] c.l.jenkins.JenkinsTestApplicationTest   : No active profile set, falling back to default profiles: default
2021-07-13 11:02:46.000  INFO 21386 --- [    Test worker] o.s.s.concurrent.ThreadPoolTaskExecutor  : Initializing ExecutorService 'applicationTaskExecutor'
2021-07-13 11:02:46.846  INFO 21386 --- [    Test worker] c.l.jenkins.JenkinsTestApplicationTest   : Started JenkinsTestApplicationTest in 4.22 seconds (JVM running for 7.56)
do something
한번 일할거임
두번 일할거임
세번 일할거임
]]></system-out>
  <system-err><![CDATA[]]></system-err>
</testsuite>
