<?xml version="1.0" encoding="UTF-8"?>
<testsuite name="com.learn.jenkins.JenkinsTestApplicationTest" tests="1" skipped="0" failures="0" errors="0" timestamp="2021-07-13T17:09:20" hostname="Parkui-MacBookAir.local" time="0.338">
  <properties/>
  <testcase name="context()" classname="com.learn.jenkins.JenkinsTestApplicationTest" time="0.338"/>
  <system-out><![CDATA[02:09:16.930 [Test worker] DEBUG org.springframework.test.context.BootstrapUtils - Instantiating CacheAwareContextLoaderDelegate from class [org.springframework.test.context.cache.DefaultCacheAwareContextLoaderDelegate]
02:09:16.949 [Test worker] DEBUG org.springframework.test.context.BootstrapUtils - Instantiating BootstrapContext using constructor [public org.springframework.test.context.support.DefaultBootstrapContext(java.lang.Class,org.springframework.test.context.CacheAwareContextLoaderDelegate)]
02:09:16.996 [Test worker] DEBUG org.springframework.test.context.BootstrapUtils - Instantiating TestContextBootstrapper for test class [com.learn.jenkins.JenkinsTestApplicationTest] from class [org.springframework.boot.test.context.SpringBootTestContextBootstrapper]
02:09:17.011 [Test worker] INFO org.springframework.boot.test.context.SpringBootTestContextBootstrapper - Neither @ContextConfiguration nor @ContextHierarchy found for test class [com.learn.jenkins.JenkinsTestApplicationTest], using SpringBootContextLoader
02:09:17.015 [Test worker] DEBUG org.springframework.test.context.support.AbstractContextLoader - Did not detect default resource location for test class [com.learn.jenkins.JenkinsTestApplicationTest]: class path resource [com/learn/jenkins/JenkinsTestApplicationTest-context.xml] does not exist
02:09:17.015 [Test worker] DEBUG org.springframework.test.context.support.AbstractContextLoader - Did not detect default resource location for test class [com.learn.jenkins.JenkinsTestApplicationTest]: class path resource [com/learn/jenkins/JenkinsTestApplicationTestContext.groovy] does not exist
02:09:17.016 [Test worker] INFO org.springframework.test.context.support.AbstractContextLoader - Could not detect default resource locations for test class [com.learn.jenkins.JenkinsTestApplicationTest]: no resource found for suffixes {-context.xml, Context.groovy}.
02:09:17.017 [Test worker] INFO org.springframework.test.context.support.AnnotationConfigContextLoaderUtils - Could not detect default configuration classes for test class [com.learn.jenkins.JenkinsTestApplicationTest]: JenkinsTestApplicationTest does not declare any static, non-private, non-final, nested classes annotated with @Configuration.
02:09:17.078 [Test worker] DEBUG org.springframework.test.context.support.ActiveProfilesUtils - Could not find an 'annotation declaring class' for annotation type [org.springframework.test.context.ActiveProfiles] and class [com.learn.jenkins.JenkinsTestApplicationTest]
02:09:17.173 [Test worker] DEBUG org.springframework.context.annotation.ClassPathScanningCandidateComponentProvider - Identified candidate component class: file [/Users/parksmac/IdeaProjects/springboot-jenkins-docker/backend/build/classes/java/main/com/learn/jenkins/JenkinsTestApplication.class]
02:09:17.175 [Test worker] INFO org.springframework.boot.test.context.SpringBootTestContextBootstrapper - Found @SpringBootConfiguration com.learn.jenkins.JenkinsTestApplication for test class com.learn.jenkins.JenkinsTestApplicationTest
02:09:17.330 [Test worker] DEBUG org.springframework.boot.test.context.SpringBootTestContextBootstrapper - @TestExecutionListeners is not present for class [com.learn.jenkins.JenkinsTestApplicationTest]: using defaults.
02:09:17.330 [Test worker] INFO org.springframework.boot.test.context.SpringBootTestContextBootstrapper - Loaded default TestExecutionListener class names from location [META-INF/spring.factories]: [org.springframework.boot.test.autoconfigure.restdocs.RestDocsTestExecutionListener, org.springframework.boot.test.autoconfigure.web.client.MockRestServiceServerResetTestExecutionListener, org.springframework.boot.test.autoconfigure.web.servlet.MockMvcPrintOnlyOnFailureTestExecutionListener, org.springframework.boot.test.autoconfigure.web.servlet.WebDriverTestExecutionListener, org.springframework.boot.test.autoconfigure.webservices.client.MockWebServiceServerTestExecutionListener, org.springframework.boot.test.mock.mockito.MockitoTestExecutionListener, org.springframework.boot.test.mock.mockito.ResetMocksTestExecutionListener, org.springframework.test.context.web.ServletTestExecutionListener, org.springframework.test.context.support.DirtiesContextBeforeModesTestExecutionListener, org.springframework.test.context.event.ApplicationEventsTestExecutionListener, org.springframework.test.context.support.DependencyInjectionTestExecutionListener, org.springframework.test.context.support.DirtiesContextTestExecutionListener, org.springframework.test.context.transaction.TransactionalTestExecutionListener, org.springframework.test.context.jdbc.SqlScriptsTestExecutionListener, org.springframework.test.context.event.EventPublishingTestExecutionListener]
02:09:17.345 [Test worker] DEBUG org.springframework.boot.test.context.SpringBootTestContextBootstrapper - Skipping candidate TestExecutionListener [org.springframework.test.context.transaction.TransactionalTestExecutionListener] due to a missing dependency. Specify custom listener classes or make the default listener classes and their required dependencies available. Offending class: [org/springframework/transaction/TransactionDefinition]
02:09:17.346 [Test worker] DEBUG org.springframework.boot.test.context.SpringBootTestContextBootstrapper - Skipping candidate TestExecutionListener [org.springframework.test.context.jdbc.SqlScriptsTestExecutionListener] due to a missing dependency. Specify custom listener classes or make the default listener classes and their required dependencies available. Offending class: [org/springframework/transaction/interceptor/TransactionAttribute]
02:09:17.347 [Test worker] INFO org.springframework.boot.test.context.SpringBootTestContextBootstrapper - Using TestExecutionListeners: [org.springframework.test.context.web.ServletTestExecutionListener@5904e904, org.springframework.test.context.support.DirtiesContextBeforeModesTestExecutionListener@3a5562d8, org.springframework.test.context.event.ApplicationEventsTestExecutionListener@7bf61b62, org.springframework.boot.test.mock.mockito.MockitoTestExecutionListener@539de607, org.springframework.boot.test.autoconfigure.SpringBootDependencyInjectionTestExecutionListener@2d2f69b9, org.springframework.test.context.support.DirtiesContextTestExecutionListener@3c7d9d66, org.springframework.test.context.event.EventPublishingTestExecutionListener@779bac80, org.springframework.boot.test.autoconfigure.restdocs.RestDocsTestExecutionListener@4b8ad1aa, org.springframework.boot.test.autoconfigure.web.client.MockRestServiceServerResetTestExecutionListener@1d3e0bc3, org.springframework.boot.test.autoconfigure.web.servlet.MockMvcPrintOnlyOnFailureTestExecutionListener@4df833af, org.springframework.boot.test.autoconfigure.web.servlet.WebDriverTestExecutionListener@67ad693c, org.springframework.boot.test.autoconfigure.webservices.client.MockWebServiceServerTestExecutionListener@7a37f3e2, org.springframework.boot.test.mock.mockito.ResetMocksTestExecutionListener@17ba8f74]
02:09:17.353 [Test worker] DEBUG org.springframework.test.context.support.AbstractDirtiesContextTestExecutionListener - Before test class: context [DefaultTestContext@12456170 testClass = JenkinsTestApplicationTest, testInstance = [null], testMethod = [null], testException = [null], mergedContextConfiguration = [WebMergedContextConfiguration@12dd2f63 testClass = JenkinsTestApplicationTest, locations = '{}', classes = '{class com.learn.jenkins.JenkinsTestApplication}', contextInitializerClasses = '[]', activeProfiles = '{}', propertySourceLocations = '{}', propertySourceProperties = '{org.springframework.boot.test.context.SpringBootTestContextBootstrapper=true}', contextCustomizers = set[org.springframework.boot.test.autoconfigure.actuate.metrics.MetricsExportContextCustomizerFactory$DisableMetricExportContextCustomizer@55d365c3, org.springframework.boot.test.autoconfigure.properties.PropertyMappingContextCustomizer@0, org.springframework.boot.test.autoconfigure.web.servlet.WebDriverContextCustomizerFactory$Customizer@7395eebc, org.springframework.boot.test.context.filter.ExcludeFilterContextCustomizer@200b60de, org.springframework.boot.test.json.DuplicateJsonObjectContextCustomizerFactory$DuplicateJsonObjectContextCustomizer@36f0e684, org.springframework.boot.test.mock.mockito.MockitoContextCustomizer@0, org.springframework.boot.test.web.client.TestRestTemplateContextCustomizer@45bd59fe, org.springframework.boot.test.context.SpringBootTestArgs@1, org.springframework.boot.test.context.SpringBootTestWebEnvironment@23f35df2], resourceBasePath = 'src/main/webapp', contextLoader = 'org.springframework.boot.test.context.SpringBootContextLoader', parent = [null]], attributes = map['org.springframework.test.context.web.ServletTestExecutionListener.activateListener' -> true]], class annotated with @DirtiesContext [false] with mode [null].
02:09:17.387 [Test worker] DEBUG org.springframework.test.context.support.TestPropertySourceUtils - Adding inlined properties to environment: {spring.jmx.enabled=false, org.springframework.boot.test.context.SpringBootTestContextBootstrapper=true}

  .   ____          _            __ _ _
 /\\ / ___'_ __ _ _(_)_ __  __ _ \ \ \ \
( ( )\___ | '_ | '_| | '_ \/ _` | \ \ \ \
 \\/  ___)| |_)| | | | | || (_| |  ) ) ) )
  '  |____| .__|_| |_|_| |_\__, | / / / /
 =========|_|==============|___/=/_/_/_/
 :: Spring Boot ::                (v2.4.3)

2021-07-14 02:09:17.977  INFO 88073 --- [    Test worker] c.l.jenkins.JenkinsTestApplicationTest   : Starting JenkinsTestApplicationTest using Java 1.8.0_231 on Parkui-MacBookAir.local with PID 88073 (started by parksmac in /Users/parksmac/IdeaProjects/springboot-jenkins-docker/backend)
2021-07-14 02:09:17.983  INFO 88073 --- [    Test worker] c.l.jenkins.JenkinsTestApplicationTest   : No active profile set, falling back to default profiles: default
2021-07-14 02:09:19.600  INFO 88073 --- [    Test worker] o.s.s.concurrent.ThreadPoolTaskExecutor  : Initializing ExecutorService 'applicationTaskExecutor'
2021-07-14 02:09:19.980  INFO 88073 --- [    Test worker] c.l.jenkins.JenkinsTestApplicationTest   : Started JenkinsTestApplicationTest in 2.583 seconds (JVM running for 4.251)
do something
한번 일할거임
두번 일할거임
세번 일할거임
새로운 버전 SNAPSHOT-1.0.1 도 배포했다고
아니 push만 해도 배포가 된다고?
다시하자
이번엔 되겠지
ddd
]]></system-out>
  <system-err><![CDATA[]]></system-err>
</testsuite>
